2022-02-07 00:00:14,896 INFO  [org.jboss.modules] (main) JBoss Modules version 2.0.0.Final
2022-02-07 00:00:16,841 INFO  [org.jboss.msc] (main) JBoss MSC version 1.4.13.Final
2022-02-07 00:00:16,868 INFO  [org.jboss.threads] (main) JBoss Threads version 2.4.0.Final
2022-02-07 00:00:17,068 WARN  [org.jboss.as.warn.fd-limit] (main) WFLYSRV0071: The operating system has limited the number of open files to 1024 for this process; a value of at least 4096 is recommended
2022-02-07 00:00:17,262 INFO  [org.jboss.as] (MSC service thread 1-2) WFLYSRV0049: Keycloak 16.1.1 (WildFly Core 18.0.4.Final) starting
2022-02-07 00:00:17,272 DEBUG [org.jboss.as.config] (MSC service thread 1-2) Configured system properties:
	[Standalone] = 
	awt.toolkit = sun.awt.X11.XToolkit
	file.encoding = UTF-8
	file.separator = /
	java.awt.graphicsenv = sun.awt.X11GraphicsEnvironment
	java.awt.headless = true
	java.awt.printerjob = sun.print.PSPrinterJob
	java.class.path = /opt/jboss/keycloak/jboss-modules.jar
	java.class.version = 55.0
	java.home = /usr/lib/jvm/java-11-openjdk-11.0.14.0.9-2.el8_5.x86_64
	java.io.tmpdir = /tmp
	java.library.path = /usr/java/packages/lib:/usr/lib64:/lib64:/lib:/usr/lib
	java.net.preferIPv4Stack = true
	java.runtime.name = OpenJDK Runtime Environment
	java.runtime.version = 11.0.14+9-LTS
	java.specification.name = Java Platform API Specification
	java.specification.vendor = Oracle Corporation
	java.specification.version = 11
	java.util.logging.manager = org.jboss.logmanager.LogManager
	java.vendor = Red Hat, Inc.
	java.vendor.url = https://www.redhat.com/
	java.vendor.url.bug = https://bugzilla.redhat.com/enter_bug.cgi?product=Red%20Hat%20Enterprise%20Linux%208&component=java-11-openjdk
	java.vendor.version = 18.9
	java.version = 11.0.14
	java.version.date = 2022-01-18
	java.vm.compressedOopsMode = 32-bit
	java.vm.info = mixed mode, sharing
	java.vm.name = OpenJDK 64-Bit Server VM
	java.vm.specification.name = Java Virtual Machine Specification
	java.vm.specification.vendor = Oracle Corporation
	java.vm.specification.version = 11
	java.vm.vendor = Red Hat, Inc.
	java.vm.version = 11.0.14+9-LTS
	javax.management.builder.initial = org.jboss.as.jmx.PluggableMBeanServerBuilder
	jboss.bind.address = 0.0.0.0
	jboss.bind.address.private = 172.19.0.2
	jboss.home.dir = /opt/jboss/keycloak
	jboss.host.name = bee6450a2846
	jboss.modules.dir = /opt/jboss/keycloak/modules
	jboss.modules.system.pkgs = org.jboss.byteman
	jboss.node.name = bee6450a2846
	jboss.qualified.host.name = bee6450a2846
	jboss.server.base.dir = /opt/jboss/keycloak/standalone
	jboss.server.config.dir = /opt/jboss/keycloak/standalone/configuration
	jboss.server.data.dir = /opt/jboss/keycloak/standalone/data
	jboss.server.deploy.dir = /opt/jboss/keycloak/standalone/data/content
	jboss.server.log.dir = /opt/jboss/keycloak/standalone/log
	jboss.server.name = bee6450a2846
	jboss.server.persist.config = true
	jboss.server.temp.dir = /opt/jboss/keycloak/standalone/tmp
	jdk.debug = release
	line.separator = 

	logging.configuration = file:/opt/jboss/keycloak/standalone/configuration/logging.properties
	module.path = /opt/jboss/keycloak/modules
	org.jboss.boot.log.file = /opt/jboss/keycloak/standalone/log/server.log
	org.jboss.resolver.warning = true
	os.arch = amd64
	os.name = Linux
	os.version = 5.11.17-300.fc34.x86_64
	path.separator = :
	sun.arch.data.model = 64
	sun.boot.library.path = /usr/lib/jvm/java-11-openjdk-11.0.14.0.9-2.el8_5.x86_64/lib
	sun.cpu.endian = little
	sun.cpu.isalist = 
	sun.io.unicode.encoding = UnicodeLittle
	sun.java.command = /opt/jboss/keycloak/jboss-modules.jar -mp /opt/jboss/keycloak/modules org.jboss.as.standalone -Djboss.home.dir=/opt/jboss/keycloak -Djboss.server.base.dir=/opt/jboss/keycloak/standalone -Djboss.bind.address=172.19.0.2 -Djboss.bind.address.private=172.19.0.2 -c=standalone-ha.xml -b 0.0.0.0
	sun.java.launcher = SUN_STANDARD
	sun.jnu.encoding = UTF-8
	sun.management.compiler = HotSpot 64-Bit Tiered Compilers
	sun.os.patch.level = unknown
	user.country = US
	user.dir = /
	user.home = /opt/jboss
	user.language = en
	user.name = jboss
	user.timezone = GMT
2022-02-07 00:00:17,299 DEBUG [org.jboss.as.config] (MSC service thread 1-2) VM Arguments: -D[Standalone] -Xms64m -Xmx512m -XX:MetaspaceSize=96M -XX:MaxMetaspaceSize=256m -Djava.net.preferIPv4Stack=true -Djboss.modules.system.pkgs=org.jboss.byteman -Djava.awt.headless=true --add-exports=java.desktop/sun.awt=ALL-UNNAMED --add-exports=java.naming/com.sun.jndi.ldap=ALL-UNNAMED --add-opens=java.base/java.lang=ALL-UNNAMED --add-opens=java.base/java.lang.invoke=ALL-UNNAMED --add-opens=java.base/java.lang.reflect=ALL-UNNAMED --add-opens=java.base/java.io=ALL-UNNAMED --add-opens=java.base/java.security=ALL-UNNAMED --add-opens=java.base/java.util=ALL-UNNAMED --add-opens=java.base/java.util.concurrent=ALL-UNNAMED --add-opens=java.management/javax.management=ALL-UNNAMED --add-opens=java.naming/javax.naming=ALL-UNNAMED -Dorg.jboss.boot.log.file=/opt/jboss/keycloak/standalone/log/server.log -Dlogging.configuration=file:/opt/jboss/keycloak/standalone/configuration/logging.properties 
2022-02-07 00:00:17,764 INFO  [org.jboss.vfs] (MSC service thread 1-2) VFS000002: Failed to clean existing content for temp file provider of type temp. Enable DEBUG level log to find what caused this
2022-02-07 00:00:20,422 INFO  [org.wildfly.security] (ServerService Thread Pool -- 21) ELY00001: WildFly Elytron version 1.18.3.Final
2022-02-07 00:00:24,142 INFO  [org.jboss.as.server] (Controller Boot Thread) WFLYSRV0039: Creating http management service using socket-binding (management-http)
2022-02-07 00:00:24,229 INFO  [org.xnio] (MSC service thread 1-4) XNIO version 3.8.5.Final
2022-02-07 00:00:24,291 INFO  [org.xnio.nio] (MSC service thread 1-4) XNIO NIO Implementation Version 3.8.5.Final
2022-02-07 00:00:24,472 INFO  [org.jboss.remoting] (MSC service thread 1-3) JBoss Remoting version 5.0.23.Final
2022-02-07 00:00:24,544 INFO  [org.jboss.as.jaxrs] (ServerService Thread Pool -- 40) WFLYRS0016: RESTEasy version 4.7.4.Final
2022-02-07 00:00:24,623 INFO  [org.jboss.as.clustering.infinispan] (ServerService Thread Pool -- 38) WFLYCLINF0001: Activating Infinispan subsystem.
2022-02-07 00:00:24,661 INFO  [org.wildfly.extension.health] (ServerService Thread Pool -- 37) WFLYHEALTH0001: Activating Base Health Subsystem
2022-02-07 00:00:24,704 INFO  [org.jboss.as.clustering.jgroups] (ServerService Thread Pool -- 42) WFLYCLJG0001: Activating JGroups subsystem. JGroups version 4.2.11
2022-02-07 00:00:24,809 INFO  [org.jboss.as.naming] (ServerService Thread Pool -- 49) WFLYNAM0001: Activating Naming Subsystem
2022-02-07 00:00:24,802 INFO  [org.wildfly.extension.metrics] (ServerService Thread Pool -- 47) WFLYMETRICS0001: Activating Base Metrics Subsystem
2022-02-07 00:00:24,851 INFO  [org.wildfly.extension.io] (ServerService Thread Pool -- 39) WFLYIO001: Worker 'default' has auto-configured to 4 IO threads with 32 max task threads based on your 2 available processors
2022-02-07 00:00:24,904 WARN  [org.jboss.as.txn] (ServerService Thread Pool -- 53) WFLYTX0013: The node-identifier attribute on the /subsystem=transactions is set to the default value. This is a danger for environments running multiple servers. Please make sure the attribute value is unique.
2022-02-07 00:00:24,970 INFO  [org.jboss.as.connector] (MSC service thread 1-2) WFLYJCA0009: Starting Jakarta Connectors Subsystem (WildFly/IronJacamar 1.5.3.Final)
2022-02-07 00:00:25,156 INFO  [org.jboss.as.connector.subsystems.datasources] (ServerService Thread Pool -- 32) WFLYJCA0004: Deploying JDBC-compliant driver class org.h2.Driver (version 1.4)
2022-02-07 00:00:25,375 INFO  [org.jboss.as.connector.deployers.jdbc] (MSC service thread 1-2) WFLYJCA0018: Started Driver service with driver-name = h2
2022-02-07 00:00:25,385 INFO  [org.jboss.as.naming] (MSC service thread 1-2) WFLYNAM0003: Starting Naming Service
2022-02-07 00:00:25,523 INFO  [org.jboss.as.mail.extension] (MSC service thread 1-2) WFLYMAIL0001: Bound mail session [java:jboss/mail/Default]
2022-02-07 00:00:25,794 INFO  [org.wildfly.extension.undertow] (MSC service thread 1-3) WFLYUT0003: Undertow 2.2.14.Final starting
2022-02-07 00:00:26,032 WARN  [org.wildfly.clustering.web.undertow] (ServerService Thread Pool -- 54) WFLYCLWEBUT0007: No routing provider found for default-server; using legacy provider based on static configuration
2022-02-07 00:00:26,140 WARN  [org.wildfly.extension.elytron] (MSC service thread 1-2) WFLYELY00023: KeyStore file '/opt/jboss/keycloak/standalone/configuration/application.keystore' does not exist. Used blank.
2022-02-07 00:00:26,365 INFO  [org.jboss.as.ejb3] (MSC service thread 1-1) WFLYEJB0481: Strict pool slsb-strict-max-pool is using a max instance size of 32 (per class), which is derived from thread worker pool sizing.
2022-02-07 00:00:26,414 INFO  [org.jboss.as.ejb3] (MSC service thread 1-2) WFLYEJB0482: Strict pool mdb-strict-max-pool is using a max instance size of 8 (per class), which is derived from the number of CPUs on this host.
2022-02-07 00:00:26,416 WARN  [org.wildfly.extension.elytron] (MSC service thread 1-4) WFLYELY01084: KeyStore /opt/jboss/keycloak/standalone/configuration/application.keystore not found, it will be auto generated on first use with a self-signed certificate for host localhost
2022-02-07 00:00:26,443 INFO  [org.wildfly.extension.undertow] (ServerService Thread Pool -- 54) WFLYUT0014: Creating file handler for path '/opt/jboss/keycloak/welcome-content' with options [directory-listing: 'false', follow-symlink: 'false', case-sensitive: 'true', safe-symlink-paths: '[]']
2022-02-07 00:00:26,886 INFO  [org.wildfly.extension.undertow] (MSC service thread 1-3) WFLYUT0012: Started server default-server.
2022-02-07 00:00:26,890 INFO  [org.wildfly.extension.undertow] (MSC service thread 1-3) Queuing requests.
2022-02-07 00:00:26,897 INFO  [org.wildfly.extension.undertow] (MSC service thread 1-3) WFLYUT0018: Host default-host starting
2022-02-07 00:00:27,327 INFO  [org.wildfly.extension.undertow] (MSC service thread 1-2) WFLYUT0006: Undertow AJP listener ajp listening on 0.0.0.0:8009
2022-02-07 00:00:27,337 INFO  [org.wildfly.extension.undertow] (MSC service thread 1-3) WFLYUT0006: Undertow HTTP listener default listening on 0.0.0.0:8080
2022-02-07 00:00:27,473 INFO  [org.jboss.modcluster] (ServerService Thread Pool -- 56) MODCLUSTER000001: Initializing mod_cluster version 1.4.4.Final
2022-02-07 00:00:27,652 INFO  [org.jboss.modcluster] (ServerService Thread Pool -- 56) MODCLUSTER000032: Listening to proxy advertisements on /224.0.1.105:23364
2022-02-07 00:00:27,777 INFO  [org.jboss.as.ejb3] (MSC service thread 1-3) WFLYEJB0493: Jakarta Enterprise Beans subsystem suspension complete
2022-02-07 00:00:28,006 INFO  [org.wildfly.extension.undertow] (MSC service thread 1-4) WFLYUT0006: Undertow HTTPS listener https listening on 0.0.0.0:8443
2022-02-07 00:00:28,111 INFO  [org.jboss.as.connector.subsystems.datasources] (MSC service thread 1-4) WFLYJCA0001: Bound data source [java:jboss/datasources/ExampleDS]
2022-02-07 00:00:28,118 INFO  [org.jboss.as.connector.subsystems.datasources] (MSC service thread 1-3) WFLYJCA0001: Bound data source [java:jboss/datasources/KeycloakDS]
2022-02-07 00:00:28,270 INFO  [org.jboss.as.patching] (MSC service thread 1-3) WFLYPAT0050: Keycloak cumulative patch ID is: base, one-off patches include: none
